
Script make_quarterly_enoe.r in Rscript started at 2025-07-22 16:02:04
Script make_quarterly_enoe.r finished successfully at 2025-07-22 16:02:14
Output: Loading required package: usethis
Warning message:
package ‘usethis’ was built under R version 4.3.3 
Using libcurl 8.14.1 with LibreSSL/3.3.6 
Warning message:
package ‘haven’ was built under R version 4.3.1 
── Attaching core tidyverse packages ──────────────────────── tidyverse 2.0.0 ──
✔ dplyr     1.1.4     ✔ readr     2.1.5
✔ forcats   1.0.0     ✔ stringr   1.5.1
✔ ggplot2   3.5.1     ✔ tibble    3.3.0
✔ lubridate 1.9.4     ✔ tidyr     1.3.1
✔ purrr     1.0.4     
── Conflicts ────────────────────────────────────────── tidyverse_conflicts() ──
✖ dplyr::filter()     masks stats::filter()
✖ dplyr::lag()        masks stats::lag()
✖ readr::parse_date() masks curl::parse_date()
ℹ Use the conflicted package (<http://conflicted.r-lib.org/>) to force all conflicts to become errors
Warning messages:
1: package ‘ggplot2’ was built under R version 4.3.1 
2: package ‘tibble’ was built under R version 4.3.3 
3: package ‘tidyr’ was built under R version 4.3.1 
4: package ‘readr’ was built under R version 4.3.1 
5: package ‘purrr’ was built under R version 4.3.3 
6: package ‘dplyr’ was built under R version 4.3.1 
7: package ‘stringr’ was built under R version 4.3.1 
8: package ‘lubridate’ was built under R version 4.3.3 
Processing 2007 T1...
Failed for 2007 T1: Unauthorized (HTTP 401).
Processing 2007 T2...
Failed for 2007 T2: Unauthorized (HTTP 401).
Processing 2007 T3...
Failed for 2007 T3: Unauthorized (HTTP 401).
Processing 2007 T4...
Failed for 2007 T4: Unauthorized (HTTP 401).
Processing 2008 T1...
Failed for 2008 T1: Unauthorized (HTTP 401).
Processing 2008 T2...
Failed for 2008 T2: Unauthorized (HTTP 401).
Processing 2008 T3...
Failed for 2008 T3: Unauthorized (HTTP 401).
Processing 2008 T4...
Failed for 2008 T4: Unauthorized (HTTP 401).
Processing 2009 T1...
Failed for 2009 T1: Unauthorized (HTTP 401).
Processing 2009 T2...
Failed for 2009 T2: Unauthorized (HTTP 401).
Processing 2009 T3...
Failed for 2009 T3: Unauthorized (HTTP 401).
Processing 2009 T4...
Failed for 2009 T4: Unauthorized (HTTP 401).
Processing 2010 T1...
Failed for 2010 T1: Unauthorized (HTTP 401).
Skipping 2010 T2 due to missing data.
Processing 2010 T3...
Failed for 2010 T3: Unauthorized (HTTP 401).
Processing 2010 T4...
Failed for 2010 T4: Unauthorized (HTTP 401).
Processing 2011 T1...
Failed for 2011 T1: Unauthorized (HTTP 401).
Processing 2011 T2...
Failed for 2011 T2: Unauthorized (HTTP 401).
Processing 2011 T3...
Failed for 2011 T3: Unauthorized (HTTP 401).
Processing 2011 T4...
Failed for 2011 T4: Unauthorized (HTTP 401).
Processing 2012 T1...
Failed for 2012 T1: Unauthorized (HTTP 401).
Processing 2012 T2...
Failed for 2012 T2: Unauthorized (HTTP 401).
Processing 2012 T3...
Failed for 2012 T3: Unauthorized (HTTP 401).
Processing 2012 T4...
Failed for 2012 T4: Unauthorized (HTTP 401).
Processing 2013 T1...
Failed for 2013 T1: Unauthorized (HTTP 401).
Processing 2013 T2...
Failed for 2013 T2: Unauthorized (HTTP 401).
Processing 2013 T3...
Failed for 2013 T3: Unauthorized (HTTP 401).
Processing 2013 T4...
Failed for 2013 T4: Unauthorized (HTTP 401).
Processing 2014 T1...
Failed for 2014 T1: Unauthorized (HTTP 401).
Processing 2014 T2...
Failed for 2014 T2: Unauthorized (HTTP 401).
Processing 2014 T3...
Failed for 2014 T3: Unauthorized (HTTP 401).
Processing 2014 T4...
Failed for 2014 T4: Unauthorized (HTTP 401).
Processing 2015 T1...
Failed for 2015 T1: Unauthorized (HTTP 401).
Processing 2015 T2...
Failed for 2015 T2: Unauthorized (HTTP 401).
Processing 2015 T3...
Failed for 2015 T3: Unauthorized (HTTP 401).
Processing 2015 T4...
Failed for 2015 T4: Unauthorized (HTTP 401).
Processing 2016 T1...
Failed for 2016 T1: Unauthorized (HTTP 401).
Processing 2016 T2...
Failed for 2016 T2: Unauthorized (HTTP 401).
Processing 2016 T3...
Failed for 2016 T3: Unauthorized (HTTP 401).
Processing 2016 T4...
Failed for 2016 T4: Unauthorized (HTTP 401).
Processing 2017 T1...
Failed for 2017 T1: Unauthorized (HTTP 401).
Processing 2017 T2...
Failed for 2017 T2: Unauthorized (HTTP 401).
Processing 2017 T3...
Failed for 2017 T3: Unauthorized (HTTP 401).
Processing 2017 T4...
Failed for 2017 T4: Unauthorized (HTTP 401).
Processing 2018 T1...
Failed for 2018 T1: Unauthorized (HTTP 401).
Processing 2018 T2...
Failed for 2018 T2: Unauthorized (HTTP 401).
Processing 2018 T3...
Failed for 2018 T3: Unauthorized (HTTP 401).
Processing 2018 T4...
Failed for 2018 T4: Unauthorized (HTTP 401).
Processing 2019 T1...
Failed for 2019 T1: Unauthorized (HTTP 401).
Processing 2019 T2...
Failed for 2019 T2: Unauthorized (HTTP 401).
Processing 2019 T3...
Failed for 2019 T3: Unauthorized (HTTP 401).
Processing 2019 T4...
Failed for 2019 T4: Unauthorized (HTTP 401).
Processing 2020 T1...
Failed for 2020 T1: Unauthorized (HTTP 401).
Processing 2020 T2...
Failed for 2020 T2: Unauthorized (HTTP 401).
Processing 2020 T3...
Failed for 2020 T3: Unauthorized (HTTP 401).
Processing 2020 T4...
Failed for 2020 T4: Unauthorized (HTTP 401).
Processing 2021 T1...
Failed for 2021 T1: Unauthorized (HTTP 401).
Processing 2021 T2...
Failed for 2021 T2: Unauthorized (HTTP 401).
Processing 2021 T3...
Failed for 2021 T3: Unauthorized (HTTP 401).
Processing 2021 T4...
Failed for 2021 T4: Unauthorized (HTTP 401).
Processing 2022 T1...
Failed for 2022 T1: Unauthorized (HTTP 401).
Processing 2022 T2...
Failed for 2022 T2: Unauthorized (HTTP 401).
Processing 2022 T3...
Failed for 2022 T3: Unauthorized (HTTP 401).
Processing 2022 T4...
Failed for 2022 T4: Unauthorized (HTTP 401).
Processing 2023 T1...
Failed for 2023 T1: Unauthorized (HTTP 401).
Processing 2023 T2...
Failed for 2023 T2: Unauthorized (HTTP 401).
Processing 2023 T3...
Failed for 2023 T3: Unauthorized (HTTP 401).
Processing 2023 T4...
Failed for 2023 T4: Unauthorized (HTTP 401).
Processing 2024 T1...
Failed for 2024 T1: Unauthorized (HTTP 401).
Processing 2024 T2...
Failed for 2024 T2: Unauthorized (HTTP 401).
Processing 2024 T3...
Failed for 2024 T3: Unauthorized (HTTP 401).
Processing 2024 T4...
Failed for 2024 T4: Unauthorized (HTTP 401).
Processing 2025 T1...
Failed for 2025 T1: Unauthorized (HTTP 401).
Processing 2025 T2...
Failed for 2025 T2: Unauthorized (HTTP 401).
Processing 2025 T3...
Failed for 2025 T3: Unauthorized (HTTP 401).
Processing 2025 T4...
Failed for 2025 T4: Unauthorized (HTTP 401).

make.sh finished at 2025-07-22 16:02:14
